1506287844033	geckodriver	INFO	geckodriver 0.19.0
1506287844125	geckodriver	INFO	Listening on 127.0.0.1:50571
1506287845526	mozrunner::runner	INFO	Running command: "/Applications/Firefox.app/Contents/MacOS/firefox-bin" "-marionette" "-profile" "/var/folders/x7/5k0vw7sx6kzf8y_3__mf807m0000gn/T/rust_mozprofile.oRD5q2Yi4Jr3"
1506287846004	addons.xpi	WARN	Error parsing extensions state: [Exception... "Component returned failure code: 0x80520012 (NS_ERROR_FILE_NOT_FOUND) [amIAddonManagerStartup.readStartupData]"  nsresult: "0x80520012 (NS_ERROR_FILE_NOT_FOUND)"  location: "JS frame :: resource://gre/modules/addons/XPIProvider.jsm :: loadExtensionState :: line 1596"  data: no] Stack trace: loadExtensionState()@resource://gre/modules/addons/XPIProvider.jsm:1596 < getInstallState()@resource://gre/modules/addons/XPIProvider.jsm:1631 < checkForChanges()@resource://gre/modules/addons/XPIProvider.jsm:3152 < startup()@resource://gre/modules/addons/XPIProvider.jsm:2246 < callProvider()@resource://gre/modules/AddonManager.jsm:271 < _startProvider()@resource://gre/modules/AddonManager.jsm:741 < startup()@resource://gre/modules/AddonManager.jsm:908 < startup()@resource://gre/modules/AddonManager.jsm:3122 < observe()@jar:file:///Applications/Firefox.app/Contents/Resources/omni.ja!/components/addonManager.js:65
1506287846473	Marionette	INFO	Enabled via --marionette
2017-09-24 17:17:28.063 plugin-container[92126:10874132] *** CFMessagePort: bootstrap_register(): failed 1100 (0x44c) 'Permission denied', port = 0xa23b, name = 'com.apple.tsm.portname'
See /usr/include/servers/bootstrap_defs.h for the error codes.
2017-09-24 17:17:28.066 plugin-container[92126:10874132] *** CFMessagePort: bootstrap_register(): failed 1100 (0x44c) 'Permission denied', port = 0xa503, name = 'com.apple.CFPasteboardClient'
See /usr/include/servers/bootstrap_defs.h for the error codes.
1506287848477	Marionette	INFO	Listening on port 50580
JavaScript error: chrome://marionette/content/server.js, line 337: NS_ERROR_SOCKET_ADDRESS_IN_USE: Component returned failure code: 0x804b0036 (NS_ERROR_SOCKET_ADDRESS_IN_USE) [nsIServerSocket.initSpecialConnection]
1506287848508	Marionette	WARN	TLS certificate errors will be ignored for this session
1506287848548	Marionette	DEBUG	loaded listener.js
1506287848567	Marionette	DEBUG	Received DOM event "beforeunload" for "about:blank"
1506287848582	Marionette	DEBUG	Received DOM event "pagehide" for "about:blank"
1506287848582	Marionette	DEBUG	Received DOM event "unload" for "about:blank"
1506287849055	Marionette	DEBUG	Received DOM event "DOMContentLoaded" for "http://localhost:3000/"
1506287850121	Marionette	DEBUG	Received DOM event "pageshow" for "http://localhost:3000/"
1506287902437	geckodriver	INFO	geckodriver 0.19.0
1506287902501	geckodriver	INFO	Listening on 127.0.0.1:50698
1506287903529	mozrunner::runner	INFO	Running command: "/Applications/Firefox.app/Contents/MacOS/firefox-bin" "-marionette" "-profile" "/var/folders/x7/5k0vw7sx6kzf8y_3__mf807m0000gn/T/rust_mozprofile.ri2HRruroinO"
1506287903839	addons.xpi	WARN	Error parsing extensions state: [Exception... "Component returned failure code: 0x80520012 (NS_ERROR_FILE_NOT_FOUND) [amIAddonManagerStartup.readStartupData]"  nsresult: "0x80520012 (NS_ERROR_FILE_NOT_FOUND)"  location: "JS frame :: resource://gre/modules/addons/XPIProvider.jsm :: loadExtensionState :: line 1596"  data: no] Stack trace: loadExtensionState()@resource://gre/modules/addons/XPIProvider.jsm:1596 < getInstallState()@resource://gre/modules/addons/XPIProvider.jsm:1631 < checkForChanges()@resource://gre/modules/addons/XPIProvider.jsm:3152 < startup()@resource://gre/modules/addons/XPIProvider.jsm:2246 < callProvider()@resource://gre/modules/AddonManager.jsm:271 < _startProvider()@resource://gre/modules/AddonManager.jsm:741 < startup()@resource://gre/modules/AddonManager.jsm:908 < startup()@resource://gre/modules/AddonManager.jsm:3122 < observe()@jar:file:///Applications/Firefox.app/Contents/Resources/omni.ja!/components/addonManager.js:65
1506287904182	Marionette	INFO	Enabled via --marionette
2017-09-24 17:18:25.583 plugin-container[92176:10875270] *** CFMessagePort: bootstrap_register(): failed 1100 (0x44c) 'Permission denied', port = 0xa43b, name = 'com.apple.tsm.portname'
See /usr/include/servers/bootstrap_defs.h for the error codes.
2017-09-24 17:18:25.584 plugin-container[92176:10875270] *** CFMessagePort: bootstrap_register(): failed 1100 (0x44c) 'Permission denied', port = 0xa703, name = 'com.apple.CFPasteboardClient'
See /usr/include/servers/bootstrap_defs.h for the error codes.
1506287905785	Marionette	INFO	Listening on port 50707
JavaScript error: chrome://marionette/content/server.js, line 337: NS_ERROR_SOCKET_ADDRESS_IN_USE: Component returned failure code: 0x804b0036 (NS_ERROR_SOCKET_ADDRESS_IN_USE) [nsIServerSocket.initSpecialConnection]
1506287905803	Marionette	WARN	TLS certificate errors will be ignored for this session
1506287905843	Marionette	DEBUG	loaded listener.js
1506287905863	Marionette	DEBUG	Received DOM event "beforeunload" for "about:blank"
1506287905926	Marionette	DEBUG	Received DOM event "pagehide" for "about:blank"
1506287905926	Marionette	DEBUG	Received DOM event "unload" for "about:blank"
1506287906384	Marionette	DEBUG	Received DOM event "DOMContentLoaded" for "http://localhost:3000/"
1506287907349	Marionette	DEBUG	Received DOM event "pageshow" for "http://localhost:3000/"

###!!! [Child][RunMessage] Error: Channel closing: too late to send/recv, messages will be lost

1506288266532	geckodriver	INFO	geckodriver 0.19.0
1506288266610	geckodriver	INFO	Listening on 127.0.0.1:50954
1506288267633	mozrunner::runner	INFO	Running command: "/Applications/Firefox.app/Contents/MacOS/firefox-bin" "-marionette" "-profile" "/var/folders/x7/5k0vw7sx6kzf8y_3__mf807m0000gn/T/rust_mozprofile.8otswj5T5cRa"
1506288268067	addons.xpi	WARN	Error parsing extensions state: [Exception... "Component returned failure code: 0x80520012 (NS_ERROR_FILE_NOT_FOUND) [amIAddonManagerStartup.readStartupData]"  nsresult: "0x80520012 (NS_ERROR_FILE_NOT_FOUND)"  location: "JS frame :: resource://gre/modules/addons/XPIProvider.jsm :: loadExtensionState :: line 1596"  data: no] Stack trace: loadExtensionState()@resource://gre/modules/addons/XPIProvider.jsm:1596 < getInstallState()@resource://gre/modules/addons/XPIProvider.jsm:1631 < checkForChanges()@resource://gre/modules/addons/XPIProvider.jsm:3152 < startup()@resource://gre/modules/addons/XPIProvider.jsm:2246 < callProvider()@resource://gre/modules/AddonManager.jsm:271 < _startProvider()@resource://gre/modules/AddonManager.jsm:741 < startup()@resource://gre/modules/AddonManager.jsm:908 < startup()@resource://gre/modules/AddonManager.jsm:3122 < observe()@jar:file:///Applications/Firefox.app/Contents/Resources/omni.ja!/components/addonManager.js:65
1506288268492	Marionette	INFO	Enabled via --marionette
2017-09-24 17:24:30.053 plugin-container[92352:10900277] *** CFMessagePort: bootstrap_register(): failed 1100 (0x44c) 'Permission denied', port = 0xa23b, name = 'com.apple.tsm.portname'
See /usr/include/servers/bootstrap_defs.h for the error codes.
2017-09-24 17:24:30.054 plugin-container[92352:10900277] *** CFMessagePort: bootstrap_register(): failed 1100 (0x44c) 'Permission denied', port = 0xa503, name = 'com.apple.CFPasteboardClient'
See /usr/include/servers/bootstrap_defs.h for the error codes.
1506288270305	Marionette	INFO	Listening on port 50963
JavaScript error: chrome://marionette/content/server.js, line 337: NS_ERROR_SOCKET_ADDRESS_IN_USE: Component returned failure code: 0x804b0036 (NS_ERROR_SOCKET_ADDRESS_IN_USE) [nsIServerSocket.initSpecialConnection]
1506288270335	Marionette	WARN	TLS certificate errors will be ignored for this session
1506288270371	Marionette	DEBUG	loaded listener.js
1506288270393	Marionette	DEBUG	Received DOM event "beforeunload" for "about:blank"
1506288270404	Marionette	DEBUG	Received DOM event "pagehide" for "about:blank"
1506288270404	Marionette	DEBUG	Received DOM event "unload" for "about:blank"
1506288270856	Marionette	DEBUG	Received DOM event "DOMContentLoaded" for "http://localhost:3000/"
1506288271698	Marionette	DEBUG	Received DOM event "pageshow" for "http://localhost:3000/"
2017-09-24 17:25:41.359 plugin-container[92404:10903156] *** CFMessagePort: bootstrap_register(): failed 1100 (0x44c) 'Permission denied', port = 0xa43b, name = 'com.apple.tsm.portname'
See /usr/include/servers/bootstrap_defs.h for the error codes.
2017-09-24 17:25:41.363 plugin-container[92404:10903156] *** CFMessagePort: bootstrap_register(): failed 1100 (0x44c) 'Permission denied', port = 0xa703, name = 'com.apple.CFPasteboardClient'
See /usr/include/servers/bootstrap_defs.h for the error codes.
1506288520136	geckodriver	INFO	geckodriver 0.19.0
1506288520206	geckodriver	INFO	Listening on 127.0.0.1:51237
1506288521236	mozrunner::runner	INFO	Running command: "/Applications/Firefox.app/Contents/MacOS/firefox-bin" "-marionette" "-profile" "/var/folders/x7/5k0vw7sx6kzf8y_3__mf807m0000gn/T/rust_mozprofile.8Jj1OOORhqUn"
1506288521626	addons.xpi	WARN	Error parsing extensions state: [Exception... "Component returned failure code: 0x80520012 (NS_ERROR_FILE_NOT_FOUND) [amIAddonManagerStartup.readStartupData]"  nsresult: "0x80520012 (NS_ERROR_FILE_NOT_FOUND)"  location: "JS frame :: resource://gre/modules/addons/XPIProvider.jsm :: loadExtensionState :: line 1596"  data: no] Stack trace: loadExtensionState()@resource://gre/modules/addons/XPIProvider.jsm:1596 < getInstallState()@resource://gre/modules/addons/XPIProvider.jsm:1631 < checkForChanges()@resource://gre/modules/addons/XPIProvider.jsm:3152 < startup()@resource://gre/modules/addons/XPIProvider.jsm:2246 < callProvider()@resource://gre/modules/AddonManager.jsm:271 < _startProvider()@resource://gre/modules/AddonManager.jsm:741 < startup()@resource://gre/modules/AddonManager.jsm:908 < startup()@resource://gre/modules/AddonManager.jsm:3122 < observe()@jar:file:///Applications/Firefox.app/Contents/Resources/omni.ja!/components/addonManager.js:65
1506288522037	Marionette	INFO	Enabled via --marionette
2017-09-24 17:28:43.322 plugin-container[92532:10910549] *** CFMessagePort: bootstrap_register(): failed 1100 (0x44c) 'Permission denied', port = 0xa33b, name = 'com.apple.tsm.portname'
See /usr/include/servers/bootstrap_defs.h for the error codes.
2017-09-24 17:28:43.323 plugin-container[92532:10910549] *** CFMessagePort: bootstrap_register(): failed 1100 (0x44c) 'Permission denied', port = 0xa603, name = 'com.apple.CFPasteboardClient'
See /usr/include/servers/bootstrap_defs.h for the error codes.
1506288523684	Marionette	INFO	Listening on port 51246
JavaScript error: chrome://marionette/content/server.js, line 337: NS_ERROR_SOCKET_ADDRESS_IN_USE: Component returned failure code: 0x804b0036 (NS_ERROR_SOCKET_ADDRESS_IN_USE) [nsIServerSocket.initSpecialConnection]
1506288523745	Marionette	WARN	TLS certificate errors will be ignored for this session
1506288523779	Marionette	DEBUG	loaded listener.js
1506288523798	Marionette	DEBUG	Received DOM event "beforeunload" for "about:blank"
1506288523817	Marionette	DEBUG	Received DOM event "pagehide" for "about:blank"
1506288523818	Marionette	DEBUG	Received DOM event "unload" for "about:blank"
1506288524258	Marionette	DEBUG	Received DOM event "DOMContentLoaded" for "http://localhost:3000/"
1506288525337	Marionette	DEBUG	Received DOM event "pageshow" for "http://localhost:3000/"
1506289310546	geckodriver	INFO	geckodriver 0.19.0
1506289310641	geckodriver	INFO	Listening on 127.0.0.1:51629
1506289311660	mozrunner::runner	INFO	Running command: "/Applications/Firefox.app/Contents/MacOS/firefox-bin" "-marionette" "-profile" "/var/folders/x7/5k0vw7sx6kzf8y_3__mf807m0000gn/T/rust_mozprofile.7vgxX9Q7o5tS"
1506289311975	addons.xpi	WARN	Error parsing extensions state: [Exception... "Component returned failure code: 0x80520012 (NS_ERROR_FILE_NOT_FOUND) [amIAddonManagerStartup.readStartupData]"  nsresult: "0x80520012 (NS_ERROR_FILE_NOT_FOUND)"  location: "JS frame :: resource://gre/modules/addons/XPIProvider.jsm :: loadExtensionState :: line 1596"  data: no] Stack trace: loadExtensionState()@resource://gre/modules/addons/XPIProvider.jsm:1596 < getInstallState()@resource://gre/modules/addons/XPIProvider.jsm:1631 < checkForChanges()@resource://gre/modules/addons/XPIProvider.jsm:3152 < startup()@resource://gre/modules/addons/XPIProvider.jsm:2246 < callProvider()@resource://gre/modules/AddonManager.jsm:271 < _startProvider()@resource://gre/modules/AddonManager.jsm:741 < startup()@resource://gre/modules/AddonManager.jsm:908 < startup()@resource://gre/modules/AddonManager.jsm:3122 < observe()@jar:file:///Applications/Firefox.app/Contents/Resources/omni.ja!/components/addonManager.js:65
1506289312323	Marionette	INFO	Enabled via --marionette
2017-09-24 17:41:53.566 plugin-container[93007:10960266] *** CFMessagePort: bootstrap_register(): failed 1100 (0x44c) 'Permission denied', port = 0xa23f, name = 'com.apple.tsm.portname'
See /usr/include/servers/bootstrap_defs.h for the error codes.
2017-09-24 17:41:53.567 plugin-container[93007:10960266] *** CFMessagePort: bootstrap_register(): failed 1100 (0x44c) 'Permission denied', port = 0xa503, name = 'com.apple.CFPasteboardClient'
See /usr/include/servers/bootstrap_defs.h for the error codes.
1506289313895	Marionette	INFO	Listening on port 51638
JavaScript error: chrome://marionette/content/server.js, line 337: NS_ERROR_SOCKET_ADDRESS_IN_USE: Component returned failure code: 0x804b0036 (NS_ERROR_SOCKET_ADDRESS_IN_USE) [nsIServerSocket.initSpecialConnection]
1506289313961	Marionette	WARN	TLS certificate errors will be ignored for this session
1506289313999	Marionette	DEBUG	loaded listener.js
1506289314025	Marionette	DEBUG	Received DOM event "beforeunload" for "about:blank"
1506289314036	Marionette	DEBUG	Received DOM event "pagehide" for "about:blank"
1506289314037	Marionette	DEBUG	Received DOM event "unload" for "about:blank"
1506289314482	Marionette	DEBUG	Received DOM event "DOMContentLoaded" for "http://localhost:3000/"
1506289315756	Marionette	DEBUG	Received DOM event "pageshow" for "http://localhost:3000/"
[GFX1-]: ClientLayerManager::BeginTransaction with IPC channel down. GPU process may have died.

###!!! [Child][RunMessage] Error: Channel closing: too late to send/recv, messages will be lost

1506289358733	geckodriver	INFO	geckodriver 0.19.0
1506289358810	geckodriver	INFO	Listening on 127.0.0.1:51736
1506289359842	mozrunner::runner	INFO	Running command: "/Applications/Firefox.app/Contents/MacOS/firefox-bin" "-marionette" "-profile" "/var/folders/x7/5k0vw7sx6kzf8y_3__mf807m0000gn/T/rust_mozprofile.u9QJPIVYabFL"
1506289360142	addons.xpi	WARN	Error parsing extensions state: [Exception... "Component returned failure code: 0x80520012 (NS_ERROR_FILE_NOT_FOUND) [amIAddonManagerStartup.readStartupData]"  nsresult: "0x80520012 (NS_ERROR_FILE_NOT_FOUND)"  location: "JS frame :: resource://gre/modules/addons/XPIProvider.jsm :: loadExtensionState :: line 1596"  data: no] Stack trace: loadExtensionState()@resource://gre/modules/addons/XPIProvider.jsm:1596 < getInstallState()@resource://gre/modules/addons/XPIProvider.jsm:1631 < checkForChanges()@resource://gre/modules/addons/XPIProvider.jsm:3152 < startup()@resource://gre/modules/addons/XPIProvider.jsm:2246 < callProvider()@resource://gre/modules/AddonManager.jsm:271 < _startProvider()@resource://gre/modules/AddonManager.jsm:741 < startup()@resource://gre/modules/AddonManager.jsm:908 < startup()@resource://gre/modules/AddonManager.jsm:3122 < observe()@jar:file:///Applications/Firefox.app/Contents/Resources/omni.ja!/components/addonManager.js:65
1506289360457	Marionette	INFO	Enabled via --marionette
1506289361942	Marionette	INFO	Listening on port 51747
JavaScript error: chrome://marionette/content/server.js, line 337: NS_ERROR_SOCKET_ADDRESS_IN_USE: Component returned failure code: 0x804b0036 (NS_ERROR_SOCKET_ADDRESS_IN_USE) [nsIServerSocket.initSpecialConnection]
1506289362030	Marionette	WARN	TLS certificate errors will be ignored for this session
2017-09-24 17:42:42.039 plugin-container[93050:10967005] *** CFMessagePort: bootstrap_register(): failed 1100 (0x44c) 'Permission denied', port = 0xa33b, name = 'com.apple.tsm.portname'
See /usr/include/servers/bootstrap_defs.h for the error codes.
2017-09-24 17:42:42.042 plugin-container[93050:10967005] *** CFMessagePort: bootstrap_register(): failed 1100 (0x44c) 'Permission denied', port = 0xa603, name = 'com.apple.CFPasteboardClient'
See /usr/include/servers/bootstrap_defs.h for the error codes.
1506289362075	Marionette	DEBUG	loaded listener.js
1506289362092	Marionette	DEBUG	Received DOM event "beforeunload" for "about:blank"
1506289362105	Marionette	DEBUG	Received DOM event "pagehide" for "about:blank"
1506289362105	Marionette	DEBUG	Received DOM event "unload" for "about:blank"
1506289362546	Marionette	DEBUG	Received DOM event "DOMContentLoaded" for "http://localhost:3000/"
1506289364752	Marionette	DEBUG	Received DOM event "pageshow" for "http://localhost:3000/"
2017-09-24 17:43:40.927 plugin-container[93050:10967005] Mozilla has caught an Obj-C exception [NSInvalidArgumentException: *** -[__NSPlaceholderDictionary initWithObjects:forKeys:count:]: attempt to insert nil object from objects[30]]
2017-09-24 17:43:40.993 firefox-bin[93046:10966800] Mozilla has caught an Obj-C exception [NSInvalidArgumentException: *** -[__NSPlaceholderDictionary initWithObjects:forKeys:count:]: attempt to insert nil object from objects[30]]
2017-09-24 17:43:41.066 firefox-bin[93046:10966800] Mozilla has caught an Obj-C exception [NSInvalidArgumentException: *** -[__NSPlaceholderDictionary initWithObjects:forKeys:count:]: attempt to insert nil object from objects[30]]
2017-09-24 17:44:06.413 plugin-container[93050:10967005] Mozilla has caught an Obj-C exception [NSInvalidArgumentException: *** -[__NSPlaceholderDictionary initWithObjects:forKeys:count:]: attempt to insert nil object from objects[30]]
2017-09-24 17:44:06.480 firefox-bin[93046:10966800] Mozilla has caught an Obj-C exception [NSInvalidArgumentException: *** -[__NSPlaceholderDictionary initWithObjects:forKeys:count:]: attempt to insert nil object from objects[30]]
2017-09-24 17:44:06.539 firefox-bin[93046:10966800] Mozilla has caught an Obj-C exception [NSInvalidArgumentException: *** -[__NSPlaceholderDictionary initWithObjects:forKeys:count:]: attempt to insert nil object from objects[30]]
2017-09-24 17:44:16.646 plugin-container[93113:10981581] *** CFMessagePort: bootstrap_register(): failed 1100 (0x44c) 'Permission denied', port = 0xa33b, name = 'com.apple.tsm.portname'
See /usr/include/servers/bootstrap_defs.h for the error codes.
2017-09-24 17:44:16.649 plugin-container[93113:10981581] *** CFMessagePort: bootstrap_register(): failed 1100 (0x44c) 'Permission denied', port = 0xa603, name = 'com.apple.CFPasteboardClient'
See /usr/include/servers/bootstrap_defs.h for the error codes.
1506289839153	geckodriver	INFO	geckodriver 0.19.0
1506289839222	geckodriver	INFO	Listening on 127.0.0.1:52117
1506289840285	mozrunner::runner	INFO	Running command: "/Applications/Firefox.app/Contents/MacOS/firefox-bin" "-marionette" "-profile" "/var/folders/x7/5k0vw7sx6kzf8y_3__mf807m0000gn/T/rust_mozprofile.FNeY1bZMyiho"
1506289840637	addons.xpi	WARN	Error parsing extensions state: [Exception... "Component returned failure code: 0x80520012 (NS_ERROR_FILE_NOT_FOUND) [amIAddonManagerStartup.readStartupData]"  nsresult: "0x80520012 (NS_ERROR_FILE_NOT_FOUND)"  location: "JS frame :: resource://gre/modules/addons/XPIProvider.jsm :: loadExtensionState :: line 1596"  data: no] Stack trace: loadExtensionState()@resource://gre/modules/addons/XPIProvider.jsm:1596 < getInstallState()@resource://gre/modules/addons/XPIProvider.jsm:1631 < checkForChanges()@resource://gre/modules/addons/XPIProvider.jsm:3152 < startup()@resource://gre/modules/addons/XPIProvider.jsm:2246 < callProvider()@resource://gre/modules/AddonManager.jsm:271 < _startProvider()@resource://gre/modules/AddonManager.jsm:741 < startup()@resource://gre/modules/AddonManager.jsm:908 < startup()@resource://gre/modules/AddonManager.jsm:3122 < observe()@jar:file:///Applications/Firefox.app/Contents/Resources/omni.ja!/components/addonManager.js:65
1506289841051	Marionette	INFO	Enabled via --marionette
2017-09-24 17:50:42.502 plugin-container[93313:11029406] *** CFMessagePort: bootstrap_register(): failed 1100 (0x44c) 'Permission denied', port = 0xa43b, name = 'com.apple.tsm.portname'
See /usr/include/servers/bootstrap_defs.h for the error codes.
2017-09-24 17:50:42.505 plugin-container[93313:11029406] *** CFMessagePort: bootstrap_register(): failed 1100 (0x44c) 'Permission denied', port = 0xa703, name = 'com.apple.CFPasteboardClient'
See /usr/include/servers/bootstrap_defs.h for the error codes.
1506289842809	Marionette	INFO	Listening on port 52126
JavaScript error: chrome://marionette/content/server.js, line 337: NS_ERROR_SOCKET_ADDRESS_IN_USE: Component returned failure code: 0x804b0036 (NS_ERROR_SOCKET_ADDRESS_IN_USE) [nsIServerSocket.initSpecialConnection]
1506289842892	Marionette	WARN	TLS certificate errors will be ignored for this session
1506289842935	Marionette	DEBUG	loaded listener.js
1506289842953	Marionette	DEBUG	Received DOM event "beforeunload" for "about:blank"
1506289843017	Marionette	DEBUG	Received DOM event "pagehide" for "about:blank"
1506289843017	Marionette	DEBUG	Received DOM event "unload" for "about:blank"
1506289843540	Marionette	DEBUG	Received DOM event "DOMContentLoaded" for "http://localhost:3000/"
1506289844566	Marionette	DEBUG	Received DOM event "pageshow" for "http://localhost:3000/"
1506289864455	geckodriver	INFO	geckodriver 0.19.0
1506289864516	geckodriver	INFO	Listening on 127.0.0.1:52217
1506289865585	mozrunner::runner	INFO	Running command: "/Applications/Firefox.app/Contents/MacOS/firefox-bin" "-marionette" "-profile" "/var/folders/x7/5k0vw7sx6kzf8y_3__mf807m0000gn/T/rust_mozprofile.vkiOEg6yAVUz"
1506289865924	addons.xpi	WARN	Error parsing extensions state: [Exception... "Component returned failure code: 0x80520012 (NS_ERROR_FILE_NOT_FOUND) [amIAddonManagerStartup.readStartupData]"  nsresult: "0x80520012 (NS_ERROR_FILE_NOT_FOUND)"  location: "JS frame :: resource://gre/modules/addons/XPIProvider.jsm :: loadExtensionState :: line 1596"  data: no] Stack trace: loadExtensionState()@resource://gre/modules/addons/XPIProvider.jsm:1596 < getInstallState()@resource://gre/modules/addons/XPIProvider.jsm:1631 < checkForChanges()@resource://gre/modules/addons/XPIProvider.jsm:3152 < startup()@resource://gre/modules/addons/XPIProvider.jsm:2246 < callProvider()@resource://gre/modules/AddonManager.jsm:271 < _startProvider()@resource://gre/modules/AddonManager.jsm:741 < startup()@resource://gre/modules/AddonManager.jsm:908 < startup()@resource://gre/modules/AddonManager.jsm:3122 < observe()@jar:file:///Applications/Firefox.app/Contents/Resources/omni.ja!/components/addonManager.js:65
1506289866286	Marionette	INFO	Enabled via --marionette
1506289867795	Marionette	INFO	Listening on port 52228
JavaScript error: chrome://marionette/content/server.js, line 337: NS_ERROR_SOCKET_ADDRESS_IN_USE: Component returned failure code: 0x804b0036 (NS_ERROR_SOCKET_ADDRESS_IN_USE) [nsIServerSocket.initSpecialConnection]
1506289867876	Marionette	WARN	TLS certificate errors will be ignored for this session
2017-09-24 17:51:07.898 plugin-container[93339:11031604] *** CFMessagePort: bootstrap_register(): failed 1100 (0x44c) 'Permission denied', port = 0xa33b, name = 'com.apple.tsm.portname'
See /usr/include/servers/bootstrap_defs.h for the error codes.
2017-09-24 17:51:07.899 plugin-container[93339:11031604] *** CFMessagePort: bootstrap_register(): failed 1100 (0x44c) 'Permission denied', port = 0xa603, name = 'com.apple.CFPasteboardClient'
See /usr/include/servers/bootstrap_defs.h for the error codes.
1506289867932	Marionette	DEBUG	loaded listener.js
1506289867957	Marionette	DEBUG	Received DOM event "beforeunload" for "about:blank"
1506289867967	Marionette	DEBUG	Received DOM event "pagehide" for "about:blank"
1506289867968	Marionette	DEBUG	Received DOM event "unload" for "about:blank"
1506289868437	Marionette	DEBUG	Received DOM event "DOMContentLoaded" for "http://localhost:3000/"
1506289869693	Marionette	DEBUG	Received DOM event "pageshow" for "http://localhost:3000/"
1506289945528	geckodriver	INFO	geckodriver 0.19.0
1506289945595	geckodriver	INFO	Listening on 127.0.0.1:52362
1506289946623	mozrunner::runner	INFO	Running command: "/Applications/Firefox.app/Contents/MacOS/firefox-bin" "-marionette" "-profile" "/var/folders/x7/5k0vw7sx6kzf8y_3__mf807m0000gn/T/rust_mozprofile.n5BRhJ6Crhlf"
1506289946937	addons.xpi	WARN	Error parsing extensions state: [Exception... "Component returned failure code: 0x80520012 (NS_ERROR_FILE_NOT_FOUND) [amIAddonManagerStartup.readStartupData]"  nsresult: "0x80520012 (NS_ERROR_FILE_NOT_FOUND)"  location: "JS frame :: resource://gre/modules/addons/XPIProvider.jsm :: loadExtensionState :: line 1596"  data: no] Stack trace: loadExtensionState()@resource://gre/modules/addons/XPIProvider.jsm:1596 < getInstallState()@resource://gre/modules/addons/XPIProvider.jsm:1631 < checkForChanges()@resource://gre/modules/addons/XPIProvider.jsm:3152 < startup()@resource://gre/modules/addons/XPIProvider.jsm:2246 < callProvider()@resource://gre/modules/AddonManager.jsm:271 < _startProvider()@resource://gre/modules/AddonManager.jsm:741 < startup()@resource://gre/modules/AddonManager.jsm:908 < startup()@resource://gre/modules/AddonManager.jsm:3122 < observe()@jar:file:///Applications/Firefox.app/Contents/Resources/omni.ja!/components/addonManager.js:65
1506289947326	Marionette	INFO	Enabled via --marionette
2017-09-24 17:52:28.729 plugin-container[93401:11041420] *** CFMessagePort: bootstrap_register(): failed 1100 (0x44c) 'Permission denied', port = 0xa33b, name = 'com.apple.tsm.portname'
See /usr/include/servers/bootstrap_defs.h for the error codes.
2017-09-24 17:52:28.732 plugin-container[93401:11041420] *** CFMessagePort: bootstrap_register(): failed 1100 (0x44c) 'Permission denied', port = 0xa603, name = 'com.apple.CFPasteboardClient'
See /usr/include/servers/bootstrap_defs.h for the error codes.
1506289948889	Marionette	INFO	Listening on port 52375
JavaScript error: chrome://marionette/content/server.js, line 337: NS_ERROR_SOCKET_ADDRESS_IN_USE: Component returned failure code: 0x804b0036 (NS_ERROR_SOCKET_ADDRESS_IN_USE) [nsIServerSocket.initSpecialConnection]
1506289948920	Marionette	WARN	TLS certificate errors will be ignored for this session
1506289948955	Marionette	DEBUG	loaded listener.js
1506289948971	Marionette	DEBUG	Received DOM event "beforeunload" for "about:blank"
1506289948985	Marionette	DEBUG	Received DOM event "pagehide" for "about:blank"
1506289948985	Marionette	DEBUG	Received DOM event "unload" for "about:blank"
1506289949455	Marionette	DEBUG	Received DOM event "DOMContentLoaded" for "http://localhost:3000/"
1506289950047	Marionette	DEBUG	Received DOM event "pageshow" for "http://localhost:3000/"
1506290039636	geckodriver	INFO	geckodriver 0.19.0
1506290039697	geckodriver	INFO	Listening on 127.0.0.1:52483
1506290040733	mozrunner::runner	INFO	Running command: "/Applications/Firefox.app/Contents/MacOS/firefox-bin" "-marionette" "-profile" "/var/folders/x7/5k0vw7sx6kzf8y_3__mf807m0000gn/T/rust_mozprofile.7dEDDiHDQLhV"
1506290041043	addons.xpi	WARN	Error parsing extensions state: [Exception... "Component returned failure code: 0x80520012 (NS_ERROR_FILE_NOT_FOUND) [amIAddonManagerStartup.readStartupData]"  nsresult: "0x80520012 (NS_ERROR_FILE_NOT_FOUND)"  location: "JS frame :: resource://gre/modules/addons/XPIProvider.jsm :: loadExtensionState :: line 1596"  data: no] Stack trace: loadExtensionState()@resource://gre/modules/addons/XPIProvider.jsm:1596 < getInstallState()@resource://gre/modules/addons/XPIProvider.jsm:1631 < checkForChanges()@resource://gre/modules/addons/XPIProvider.jsm:3152 < startup()@resource://gre/modules/addons/XPIProvider.jsm:2246 < callProvider()@resource://gre/modules/AddonManager.jsm:271 < _startProvider()@resource://gre/modules/AddonManager.jsm:741 < startup()@resource://gre/modules/AddonManager.jsm:908 < startup()@resource://gre/modules/AddonManager.jsm:3122 < observe()@jar:file:///Applications/Firefox.app/Contents/Resources/omni.ja!/components/addonManager.js:65
1506290041364	Marionette	INFO	Enabled via --marionette
1506290042778	Marionette	INFO	Listening on port 52496
JavaScript error: chrome://marionette/content/server.js, line 337: NS_ERROR_SOCKET_ADDRESS_IN_USE: Component returned failure code: 0x804b0036 (NS_ERROR_SOCKET_ADDRESS_IN_USE) [nsIServerSocket.initSpecialConnection]
1506290042805	Marionette	WARN	TLS certificate errors will be ignored for this session
1506290042852	Marionette	DEBUG	loaded listener.js
1506290042880	Marionette	DEBUG	Received DOM event "beforeunload" for "about:blank"
2017-09-24 17:54:02.911 plugin-container[93464:11050298] *** CFMessagePort: bootstrap_register(): failed 1100 (0x44c) 'Permission denied', port = 0xa33b, name = 'com.apple.tsm.portname'
See /usr/include/servers/bootstrap_defs.h for the error codes.
2017-09-24 17:54:02.914 plugin-container[93464:11050298] *** CFMessagePort: bootstrap_register(): failed 1100 (0x44c) 'Permission denied', port = 0xa603, name = 'com.apple.CFPasteboardClient'
See /usr/include/servers/bootstrap_defs.h for the error codes.
1506290042922	Marionette	DEBUG	Received DOM event "pagehide" for "about:blank"
1506290042923	Marionette	DEBUG	Received DOM event "unload" for "about:blank"
1506290043337	Marionette	DEBUG	Received DOM event "DOMContentLoaded" for "http://localhost:3000/"
1506290044301	Marionette	DEBUG	Received DOM event "pageshow" for "http://localhost:3000/"
2017-09-24 17:54:09.371 plugin-container[93464:11050298] Mozilla has caught an Obj-C exception [NSInvalidArgumentException: *** -[__NSPlaceholderDictionary initWithObjects:forKeys:count:]: attempt to insert nil object from objects[30]]
2017-09-24 17:54:09.473 firefox-bin[93462:11050221] Mozilla has caught an Obj-C exception [NSInvalidArgumentException: *** -[__NSPlaceholderDictionary initWithObjects:forKeys:count:]: attempt to insert nil object from objects[30]]
2017-09-24 17:54:09.533 firefox-bin[93462:11050221] Mozilla has caught an Obj-C exception [NSInvalidArgumentException: *** -[__NSPlaceholderDictionary initWithObjects:forKeys:count:]: attempt to insert nil object from objects[30]]

###!!! [Child][RunMessage] Error: Channel closing: too late to send/recv, messages will be lost

1506290085162	geckodriver	INFO	geckodriver 0.19.0
1506290085221	geckodriver	INFO	Listening on 127.0.0.1:52591
1506290086250	mozrunner::runner	INFO	Running command: "/Applications/Firefox.app/Contents/MacOS/firefox-bin" "-marionette" "-profile" "/var/folders/x7/5k0vw7sx6kzf8y_3__mf807m0000gn/T/rust_mozprofile.nlLoi9Ii9Qsc"
1506290086551	addons.xpi	WARN	Error parsing extensions state: [Exception... "Component returned failure code: 0x80520012 (NS_ERROR_FILE_NOT_FOUND) [amIAddonManagerStartup.readStartupData]"  nsresult: "0x80520012 (NS_ERROR_FILE_NOT_FOUND)"  location: "JS frame :: resource://gre/modules/addons/XPIProvider.jsm :: loadExtensionState :: line 1596"  data: no] Stack trace: loadExtensionState()@resource://gre/modules/addons/XPIProvider.jsm:1596 < getInstallState()@resource://gre/modules/addons/XPIProvider.jsm:1631 < checkForChanges()@resource://gre/modules/addons/XPIProvider.jsm:3152 < startup()@resource://gre/modules/addons/XPIProvider.jsm:2246 < callProvider()@resource://gre/modules/AddonManager.jsm:271 < _startProvider()@resource://gre/modules/AddonManager.jsm:741 < startup()@resource://gre/modules/AddonManager.jsm:908 < startup()@resource://gre/modules/AddonManager.jsm:3122 < observe()@jar:file:///Applications/Firefox.app/Contents/Resources/omni.ja!/components/addonManager.js:65
1506290086874	Marionette	INFO	Enabled via --marionette
2017-09-24 17:54:48.236 plugin-container[93500:11056879] *** CFMessagePort: bootstrap_register(): failed 1100 (0x44c) 'Permission denied', port = 0xa33b, name = 'com.apple.tsm.portname'
See /usr/include/servers/bootstrap_defs.h for the error codes.
2017-09-24 17:54:48.237 plugin-container[93500:11056879] *** CFMessagePort: bootstrap_register(): failed 1100 (0x44c) 'Permission denied', port = 0xa603, name = 'com.apple.CFPasteboardClient'
See /usr/include/servers/bootstrap_defs.h for the error codes.
1506290088457	Marionette	INFO	Listening on port 52601
JavaScript error: chrome://marionette/content/server.js, line 337: NS_ERROR_SOCKET_ADDRESS_IN_USE: Component returned failure code: 0x804b0036 (NS_ERROR_SOCKET_ADDRESS_IN_USE) [nsIServerSocket.initSpecialConnection]
1506290088471	Marionette	WARN	TLS certificate errors will be ignored for this session
1506290088508	Marionette	DEBUG	loaded listener.js
1506290088526	Marionette	DEBUG	Received DOM event "beforeunload" for "about:blank"
1506290088585	Marionette	DEBUG	Received DOM event "pagehide" for "about:blank"
1506290088585	Marionette	DEBUG	Received DOM event "unload" for "about:blank"
1506290089000	Marionette	DEBUG	Received DOM event "DOMContentLoaded" for "http://localhost:3000/"
1506290091406	Marionette	DEBUG	Received DOM event "pageshow" for "http://localhost:3000/"
2017-09-24 17:54:59.042 plugin-container[93500:11056879] Mozilla has caught an Obj-C exception [NSInvalidArgumentException: *** -[__NSPlaceholderDictionary initWithObjects:forKeys:count:]: attempt to insert nil object from objects[30]]
2017-09-24 17:54:59.109 firefox-bin[93496:11056775] Mozilla has caught an Obj-C exception [NSInvalidArgumentException: *** -[__NSPlaceholderDictionary initWithObjects:forKeys:count:]: attempt to insert nil object from objects[30]]
2017-09-24 17:54:59.170 firefox-bin[93496:11056775] Mozilla has caught an Obj-C exception [NSInvalidArgumentException: *** -[__NSPlaceholderDictionary initWithObjects:forKeys:count:]: attempt to insert nil object from objects[30]]
1506290114841	geckodriver	INFO	geckodriver 0.19.0
1506290114910	geckodriver	INFO	Listening on 127.0.0.1:52685
1506290115937	mozrunner::runner	INFO	Running command: "/Applications/Firefox.app/Contents/MacOS/firefox-bin" "-marionette" "-profile" "/var/folders/x7/5k0vw7sx6kzf8y_3__mf807m0000gn/T/rust_mozprofile.kVyh2yYGsF9l"
1506290116258	addons.xpi	WARN	Error parsing extensions state: [Exception... "Component returned failure code: 0x80520012 (NS_ERROR_FILE_NOT_FOUND) [amIAddonManagerStartup.readStartupData]"  nsresult: "0x80520012 (NS_ERROR_FILE_NOT_FOUND)"  location: "JS frame :: resource://gre/modules/addons/XPIProvider.jsm :: loadExtensionState :: line 1596"  data: no] Stack trace: loadExtensionState()@resource://gre/modules/addons/XPIProvider.jsm:1596 < getInstallState()@resource://gre/modules/addons/XPIProvider.jsm:1631 < checkForChanges()@resource://gre/modules/addons/XPIProvider.jsm:3152 < startup()@resource://gre/modules/addons/XPIProvider.jsm:2246 < callProvider()@resource://gre/modules/AddonManager.jsm:271 < _startProvider()@resource://gre/modules/AddonManager.jsm:741 < startup()@resource://gre/modules/AddonManager.jsm:908 < startup()@resource://gre/modules/AddonManager.jsm:3122 < observe()@jar:file:///Applications/Firefox.app/Contents/Resources/omni.ja!/components/addonManager.js:65
1506290116590	Marionette	INFO	Enabled via --marionette
2017-09-24 17:55:17.913 plugin-container[93525:11057937] *** CFMessagePort: bootstrap_register(): failed 1100 (0x44c) 'Permission denied', port = 0xa33b, name = 'com.apple.tsm.portname'
See /usr/include/servers/bootstrap_defs.h for the error codes.
2017-09-24 17:55:17.915 plugin-container[93525:11057937] *** CFMessagePort: bootstrap_register(): failed 1100 (0x44c) 'Permission denied', port = 0xa603, name = 'com.apple.CFPasteboardClient'
See /usr/include/servers/bootstrap_defs.h for the error codes.
1506290118068	Marionette	INFO	Listening on port 52695
JavaScript error: chrome://marionette/content/server.js, line 337: NS_ERROR_SOCKET_ADDRESS_IN_USE: Component returned failure code: 0x804b0036 (NS_ERROR_SOCKET_ADDRESS_IN_USE) [nsIServerSocket.initSpecialConnection]
1506290118124	Marionette	WARN	TLS certificate errors will be ignored for this session
1506290118162	Marionette	DEBUG	loaded listener.js
1506290118180	Marionette	DEBUG	Received DOM event "beforeunload" for "about:blank"
1506290118192	Marionette	DEBUG	Received DOM event "pagehide" for "about:blank"
1506290118193	Marionette	DEBUG	Received DOM event "unload" for "about:blank"
1506290118641	Marionette	DEBUG	Received DOM event "DOMContentLoaded" for "http://localhost:3000/"
1506290119936	Marionette	DEBUG	Received DOM event "pageshow" for "http://localhost:3000/"
1506290146138	geckodriver	INFO	geckodriver 0.19.0
1506290146198	geckodriver	INFO	Listening on 127.0.0.1:52784
1506290147235	mozrunner::runner	INFO	Running command: "/Applications/Firefox.app/Contents/MacOS/firefox-bin" "-marionette" "-profile" "/var/folders/x7/5k0vw7sx6kzf8y_3__mf807m0000gn/T/rust_mozprofile.1ZGN1CBac742"
1506290147536	addons.xpi	WARN	Error parsing extensions state: [Exception... "Component returned failure code: 0x80520012 (NS_ERROR_FILE_NOT_FOUND) [amIAddonManagerStartup.readStartupData]"  nsresult: "0x80520012 (NS_ERROR_FILE_NOT_FOUND)"  location: "JS frame :: resource://gre/modules/addons/XPIProvider.jsm :: loadExtensionState :: line 1596"  data: no] Stack trace: loadExtensionState()@resource://gre/modules/addons/XPIProvider.jsm:1596 < getInstallState()@resource://gre/modules/addons/XPIProvider.jsm:1631 < checkForChanges()@resource://gre/modules/addons/XPIProvider.jsm:3152 < startup()@resource://gre/modules/addons/XPIProvider.jsm:2246 < callProvider()@resource://gre/modules/AddonManager.jsm:271 < _startProvider()@resource://gre/modules/AddonManager.jsm:741 < startup()@resource://gre/modules/AddonManager.jsm:908 < startup()@resource://gre/modules/AddonManager.jsm:3122 < observe()@jar:file:///Applications/Firefox.app/Contents/Resources/omni.ja!/components/addonManager.js:65
1506290147886	Marionette	INFO	Enabled via --marionette
2017-09-24 17:55:49.252 plugin-container[93558:11059047] *** CFMessagePort: bootstrap_register(): failed 1100 (0x44c) 'Permission denied', port = 0xa43b, name = 'com.apple.tsm.portname'
See /usr/include/servers/bootstrap_defs.h for the error codes.
2017-09-24 17:55:49.253 plugin-container[93558:11059047] *** CFMessagePort: bootstrap_register(): failed 1100 (0x44c) 'Permission denied', port = 0xa703, name = 'com.apple.CFPasteboardClient'
See /usr/include/servers/bootstrap_defs.h for the error codes.
1506290149451	Marionette	INFO	Listening on port 52793
JavaScript error: chrome://marionette/content/server.js, line 337: NS_ERROR_SOCKET_ADDRESS_IN_USE: Component returned failure code: 0x804b0036 (NS_ERROR_SOCKET_ADDRESS_IN_USE) [nsIServerSocket.initSpecialConnection]
1506290149516	Marionette	WARN	TLS certificate errors will be ignored for this session
1506290149551	Marionette	DEBUG	loaded listener.js
1506290149570	Marionette	DEBUG	Received DOM event "beforeunload" for "about:blank"
1506290149587	Marionette	DEBUG	Received DOM event "pagehide" for "about:blank"
1506290149588	Marionette	DEBUG	Received DOM event "unload" for "about:blank"
1506290150087	Marionette	DEBUG	Received DOM event "DOMContentLoaded" for "http://localhost:3000/"
1506290151104	Marionette	DEBUG	Received DOM event "pageshow" for "http://localhost:3000/"
2017-09-24 17:55:56.110 plugin-container[93558:11059047] Mozilla has caught an Obj-C exception [NSInvalidArgumentException: *** -[__NSPlaceholderDictionary initWithObjects:forKeys:count:]: attempt to insert nil object from objects[30]]
2017-09-24 17:55:56.208 firefox-bin[93556:11058953] Mozilla has caught an Obj-C exception [NSInvalidArgumentException: *** -[__NSPlaceholderDictionary initWithObjects:forKeys:count:]: attempt to insert nil object from objects[30]]
2017-09-24 17:55:56.273 firefox-bin[93556:11058953] Mozilla has caught an Obj-C exception [NSInvalidArgumentException: *** -[__NSPlaceholderDictionary initWithObjects:forKeys:count:]: attempt to insert nil object from objects[30]]
1506290972241	geckodriver	INFO	geckodriver 0.19.0
1506290972317	geckodriver	INFO	Listening on 127.0.0.1:53305
1506290973330	mozrunner::runner	INFO	Running command: "/Applications/Firefox.app/Contents/MacOS/firefox-bin" "-marionette" "-profile" "/var/folders/x7/5k0vw7sx6kzf8y_3__mf807m0000gn/T/rust_mozprofile.w1vnGWirJIzB"
1506290973763	addons.xpi	WARN	Error parsing extensions state: [Exception... "Component returned failure code: 0x80520012 (NS_ERROR_FILE_NOT_FOUND) [amIAddonManagerStartup.readStartupData]"  nsresult: "0x80520012 (NS_ERROR_FILE_NOT_FOUND)"  location: "JS frame :: resource://gre/modules/addons/XPIProvider.jsm :: loadExtensionState :: line 1596"  data: no] Stack trace: loadExtensionState()@resource://gre/modules/addons/XPIProvider.jsm:1596 < getInstallState()@resource://gre/modules/addons/XPIProvider.jsm:1631 < checkForChanges()@resource://gre/modules/addons/XPIProvider.jsm:3152 < startup()@resource://gre/modules/addons/XPIProvider.jsm:2246 < callProvider()@resource://gre/modules/AddonManager.jsm:271 < _startProvider()@resource://gre/modules/AddonManager.jsm:741 < startup()@resource://gre/modules/AddonManager.jsm:908 < startup()@resource://gre/modules/AddonManager.jsm:3122 < observe()@jar:file:///Applications/Firefox.app/Contents/Resources/omni.ja!/components/addonManager.js:65
1506290974179	Marionette	INFO	Enabled via --marionette
1506290975902	Marionette	INFO	Listening on port 53314
JavaScript error: chrome://marionette/content/server.js, line 337: NS_ERROR_SOCKET_ADDRESS_IN_USE: Component returned failure code: 0x804b0036 (NS_ERROR_SOCKET_ADDRESS_IN_USE) [nsIServerSocket.initSpecialConnection]
1506290975963	Marionette	WARN	TLS certificate errors will be ignored for this session
2017-09-24 18:09:35.993 plugin-container[94030:11110067] *** CFMessagePort: bootstrap_register(): failed 1100 (0x44c) 'Permission denied', port = 0xa33b, name = 'com.apple.tsm.portname'
See /usr/include/servers/bootstrap_defs.h for the error codes.
2017-09-24 18:09:35.996 plugin-container[94030:11110067] *** CFMessagePort: bootstrap_register(): failed 1100 (0x44c) 'Permission denied', port = 0xa603, name = 'com.apple.CFPasteboardClient'
See /usr/include/servers/bootstrap_defs.h for the error codes.
1506290976035	Marionette	DEBUG	loaded listener.js
1506290976052	Marionette	DEBUG	Received DOM event "beforeunload" for "about:blank"
1506290976064	Marionette	DEBUG	Received DOM event "pagehide" for "about:blank"
1506290976064	Marionette	DEBUG	Received DOM event "unload" for "about:blank"
1506290976496	Marionette	DEBUG	Received DOM event "DOMContentLoaded" for "http://localhost:3000/"
1506290977209	Marionette	DEBUG	Received DOM event "pageshow" for "http://localhost:3000/"
